<?xml version="1.0" encoding="UTF-8" ?>
<testsuite failures="0" time="0.033" errors="0" skipped="0" tests="3" name="net.joastbg.sampleapp.TestBook">
  <properties>
    <property name="java.runtime.name" value="Java(TM) SE Runtime Environment"/>
    <property name="sun.boot.library.path" value="/System/Library/Java/JavaVirtualMachines/1.6.0.jdk/Contents/Libraries"/>
    <property name="java.vm.version" value="20.4-b02-402"/>
    <property name="awt.nativeDoubleBuffering" value="true"/>
    <property name="gopherProxySet" value="false"/>
    <property name="mrj.build" value="11E53"/>
    <property name="java.vm.vendor" value="Apple Inc."/>
    <property name="java.vendor.url" value="http://www.apple.com/"/>
    <property name="path.separator" value=":"/>
    <property name="java.vm.name" value="Java HotSpot(TM) 64-Bit Server VM"/>
    <property name="file.encoding.pkg" value="sun.io"/>
    <property name="user.country" value="US"/>
    <property name="sun.java.launcher" value="SUN_STANDARD"/>
    <property name="sun.os.patch.level" value="unknown"/>
    <property name="java.vm.specification.name" value="Java Virtual Machine Specification"/>
    <property name="user.dir" value="/Users/johanastborg/Devevlopment/projects/maven-hsqldb-hibernate-spring"/>
    <property name="java.runtime.version" value="1.6.0_29-b11-402-11E53"/>
    <property name="java.awt.graphicsenv" value="apple.awt.CGraphicsEnvironment"/>
    <property name="basedir" value="/Users/johanastborg/Devevlopment/projects/maven-hsqldb-hibernate-spring"/>
    <property name="java.endorsed.dirs" value="/System/Library/Java/JavaVirtualMachines/1.6.0.jdk/Contents/Home/lib/endorsed"/>
    <property name="os.arch" value="x86_64"/>
    <property name="surefire.real.class.path" value="/Users/johanastborg/Devevlopment/projects/maven-hsqldb-hibernate-spring/target/surefire/surefirebooter6816656558229825131.jar"/>
    <property name="java.io.tmpdir" value="/var/folders/bw/0b2jkzkj1ql00w83mjp_v6tm0000gn/T/"/>
    <property name="line.separator" value="
"/>
    <property name="java.vm.specification.vendor" value="Sun Microsystems Inc."/>
    <property name="os.name" value="Mac OS X"/>
    <property name="sun.jnu.encoding" value="MacRoman"/>
    <property name="java.library.path" value=".:/Library/Java/Extensions:/System/Library/Java/Extensions:/usr/lib/java"/>
    <property name="surefire.test.class.path" value="/Users/johanastborg/Devevlopment/projects/maven-hsqldb-hibernate-spring/target/test-classes:/Users/johanastborg/Devevlopment/projects/maven-hsqldb-hibernate-spring/target/classes:/Users/johanastborg/.m2/repository/junit/junit/4.10/junit-4.10.jar:/Users/johanastborg/.m2/repository/org/hamcrest/hamcrest-core/1.1/hamcrest-core-1.1.jar:/Users/johanastborg/.m2/repository/org/codehaus/jackson/jackson-mapper-asl/1.7.1/jackson-mapper-asl-1.7.1.jar:/Users/johanastborg/.m2/repository/org/codehaus/jackson/jackson-core-asl/1.7.1/jackson-core-asl-1.7.1.jar:/Users/johanastborg/.m2/repository/org/springframework/spring-core/3.0.5.RELEASE/spring-core-3.0.5.RELEASE.jar:/Users/johanastborg/.m2/repository/org/springframework/spring-asm/3.0.5.RELEASE/spring-asm-3.0.5.RELEASE.jar:/Users/johanastborg/.m2/repository/commons-logging/commons-logging/1.1.1/commons-logging-1.1.1.jar:/Users/johanastborg/.m2/repository/org/springframework/spring-web/3.0.5.RELEASE/spring-web-3.0.5.RELEASE.jar:/Users/johanastborg/.m2/repository/aopalliance/aopalliance/1.0/aopalliance-1.0.jar:/Users/johanastborg/.m2/repository/org/springframework/spring-beans/3.0.5.RELEASE/spring-beans-3.0.5.RELEASE.jar:/Users/johanastborg/.m2/repository/org/springframework/spring-context/3.0.5.RELEASE/spring-context-3.0.5.RELEASE.jar:/Users/johanastborg/.m2/repository/org/springframework/spring-webmvc/3.0.5.RELEASE/spring-webmvc-3.0.5.RELEASE.jar:/Users/johanastborg/.m2/repository/org/springframework/spring-context-support/3.0.5.RELEASE/spring-context-support-3.0.5.RELEASE.jar:/Users/johanastborg/.m2/repository/org/springframework/spring-expression/3.0.5.RELEASE/spring-expression-3.0.5.RELEASE.jar:/Users/johanastborg/.m2/repository/org/springframework/spring-orm/3.0.5.RELEASE/spring-orm-3.0.5.RELEASE.jar:/Users/johanastborg/.m2/repository/org/springframework/spring-jdbc/3.0.5.RELEASE/spring-jdbc-3.0.5.RELEASE.jar:/Users/johanastborg/.m2/repository/org/springframework/spring-tx/3.0.5.RELEASE/spring-tx-3.0.5.RELEASE.jar:/Users/johanastborg/.m2/repository/org/springframework/security/spring-security-core/3.0.5.RELEASE/spring-security-core-3.0.5.RELEASE.jar:/Users/johanastborg/.m2/repository/org/springframework/spring-aop/3.0.3.RELEASE/spring-aop-3.0.3.RELEASE.jar:/Users/johanastborg/.m2/repository/org/aspectj/aspectjrt/1.6.8/aspectjrt-1.6.8.jar:/Users/johanastborg/.m2/repository/org/aspectj/aspectjweaver/1.6.8/aspectjweaver-1.6.8.jar:/Users/johanastborg/.m2/repository/org/springframework/security/spring-security-web/3.0.5.RELEASE/spring-security-web-3.0.5.RELEASE.jar:/Users/johanastborg/.m2/repository/org/springframework/security/spring-security-config/3.0.5.RELEASE/spring-security-config-3.0.5.RELEASE.jar:/Users/johanastborg/.m2/repository/org/springframework/spring-test/3.0.5.RELEASE/spring-test-3.0.5.RELEASE.jar:/Users/johanastborg/.m2/repository/javax/servlet/servlet-api/2.5/servlet-api-2.5.jar:/Users/johanastborg/.m2/repository/org/hibernate/hibernate-core/3.6.0.Final/hibernate-core-3.6.0.Final.jar:/Users/johanastborg/.m2/repository/antlr/antlr/2.7.6/antlr-2.7.6.jar:/Users/johanastborg/.m2/repository/commons-collections/commons-collections/3.1/commons-collections-3.1.jar:/Users/johanastborg/.m2/repository/dom4j/dom4j/1.6.1/dom4j-1.6.1.jar:/Users/johanastborg/.m2/repository/org/hibernate/hibernate-commons-annotations/3.2.0.Final/hibernate-commons-annotations-3.2.0.Final.jar:/Users/johanastborg/.m2/repository/org/hibernate/javax/persistence/hibernate-jpa-2.0-api/1.0.0.Final/hibernate-jpa-2.0-api-1.0.0.Final.jar:/Users/johanastborg/.m2/repository/javax/transaction/jta/1.1/jta-1.1.jar:/Users/johanastborg/.m2/repository/org/slf4j/slf4j-api/1.6.1/slf4j-api-1.6.1.jar:/Users/johanastborg/.m2/repository/org/hibernate/ejb3-persistence/1.0.1.GA/ejb3-persistence-1.0.1.GA.jar:/Users/johanastborg/.m2/repository/org/hibernate/hibernate-entitymanager/3.3.2.GA/hibernate-entitymanager-3.3.2.GA.jar:/Users/johanastborg/.m2/repository/org/hibernate/hibernate/3.2.6.ga/hibernate-3.2.6.ga.jar:/Users/johanastborg/.m2/repository/net/sf/ehcache/ehcache/1.2.3/ehcache-1.2.3.jar:/Users/johanastborg/.m2/repository/asm/asm-attrs/1.5.3/asm-attrs-1.5.3.jar:/Users/johanastborg/.m2/repository/cglib/cglib/2.1_3/cglib-2.1_3.jar:/Users/johanastborg/.m2/repository/asm/asm/1.5.3/asm-1.5.3.jar:/Users/johanastborg/.m2/repository/org/hibernate/hibernate-annotations/3.3.1.GA/hibernate-annotations-3.3.1.GA.jar:/Users/johanastborg/.m2/repository/javassist/javassist/3.4.GA/javassist-3.4.GA.jar:/Users/johanastborg/.m2/repository/hsqldb/hsqldb/1.8.0.10/hsqldb-1.8.0.10.jar:/Users/johanastborg/.m2/repository/joda-time/joda-time/2.1/joda-time-2.1.jar:/Users/johanastborg/.m2/repository/joda-time/joda-time-hibernate/1.3/joda-time-hibernate-1.3.jar:/Users/johanastborg/.m2/repository/log4j/log4j/1.2.15/log4j-1.2.15.jar:/Users/johanastborg/.m2/repository/javax/mail/mail/1.4/mail-1.4.jar:/Users/johanastborg/.m2/repository/javax/servlet/jstl/1.2/jstl-1.2.jar:/Users/johanastborg/.m2/repository/org/apache/commons/commons-email/1.2/commons-email-1.2.jar:/Users/johanastborg/.m2/repository/javax/activation/activation/1.1/activation-1.1.jar:"/>
    <property name="java.specification.name" value="Java Platform API Specification"/>
    <property name="java.class.version" value="50.0"/>
    <property name="sun.management.compiler" value="HotSpot 64-Bit Tiered Compilers"/>
    <property name="os.version" value="10.7.4"/>
    <property name="http.nonProxyHosts" value="local|*.local|169.254/16|*.169.254/16"/>
    <property name="user.home" value="/Users/johanastborg"/>
    <property name="user.timezone" value=""/>
    <property name="java.awt.printerjob" value="apple.awt.CPrinterJob"/>
    <property name="java.specification.version" value="1.6"/>
    <property name="file.encoding" value="MacRoman"/>
    <property name="user.name" value="johanastborg"/>
    <property name="java.class.path" value="/Users/johanastborg/Devevlopment/projects/maven-hsqldb-hibernate-spring/target/test-classes:/Users/johanastborg/Devevlopment/projects/maven-hsqldb-hibernate-spring/target/classes:/Users/johanastborg/.m2/repository/junit/junit/4.10/junit-4.10.jar:/Users/johanastborg/.m2/repository/org/hamcrest/hamcrest-core/1.1/hamcrest-core-1.1.jar:/Users/johanastborg/.m2/repository/org/codehaus/jackson/jackson-mapper-asl/1.7.1/jackson-mapper-asl-1.7.1.jar:/Users/johanastborg/.m2/repository/org/codehaus/jackson/jackson-core-asl/1.7.1/jackson-core-asl-1.7.1.jar:/Users/johanastborg/.m2/repository/org/springframework/spring-core/3.0.5.RELEASE/spring-core-3.0.5.RELEASE.jar:/Users/johanastborg/.m2/repository/org/springframework/spring-asm/3.0.5.RELEASE/spring-asm-3.0.5.RELEASE.jar:/Users/johanastborg/.m2/repository/commons-logging/commons-logging/1.1.1/commons-logging-1.1.1.jar:/Users/johanastborg/.m2/repository/org/springframework/spring-web/3.0.5.RELEASE/spring-web-3.0.5.RELEASE.jar:/Users/johanastborg/.m2/repository/aopalliance/aopalliance/1.0/aopalliance-1.0.jar:/Users/johanastborg/.m2/repository/org/springframework/spring-beans/3.0.5.RELEASE/spring-beans-3.0.5.RELEASE.jar:/Users/johanastborg/.m2/repository/org/springframework/spring-context/3.0.5.RELEASE/spring-context-3.0.5.RELEASE.jar:/Users/johanastborg/.m2/repository/org/springframework/spring-webmvc/3.0.5.RELEASE/spring-webmvc-3.0.5.RELEASE.jar:/Users/johanastborg/.m2/repository/org/springframework/spring-context-support/3.0.5.RELEASE/spring-context-support-3.0.5.RELEASE.jar:/Users/johanastborg/.m2/repository/org/springframework/spring-expression/3.0.5.RELEASE/spring-expression-3.0.5.RELEASE.jar:/Users/johanastborg/.m2/repository/org/springframework/spring-orm/3.0.5.RELEASE/spring-orm-3.0.5.RELEASE.jar:/Users/johanastborg/.m2/repository/org/springframework/spring-jdbc/3.0.5.RELEASE/spring-jdbc-3.0.5.RELEASE.jar:/Users/johanastborg/.m2/repository/org/springframework/spring-tx/3.0.5.RELEASE/spring-tx-3.0.5.RELEASE.jar:/Users/johanastborg/.m2/repository/org/springframework/security/spring-security-core/3.0.5.RELEASE/spring-security-core-3.0.5.RELEASE.jar:/Users/johanastborg/.m2/repository/org/springframework/spring-aop/3.0.3.RELEASE/spring-aop-3.0.3.RELEASE.jar:/Users/johanastborg/.m2/repository/org/aspectj/aspectjrt/1.6.8/aspectjrt-1.6.8.jar:/Users/johanastborg/.m2/repository/org/aspectj/aspectjweaver/1.6.8/aspectjweaver-1.6.8.jar:/Users/johanastborg/.m2/repository/org/springframework/security/spring-security-web/3.0.5.RELEASE/spring-security-web-3.0.5.RELEASE.jar:/Users/johanastborg/.m2/repository/org/springframework/security/spring-security-config/3.0.5.RELEASE/spring-security-config-3.0.5.RELEASE.jar:/Users/johanastborg/.m2/repository/org/springframework/spring-test/3.0.5.RELEASE/spring-test-3.0.5.RELEASE.jar:/Users/johanastborg/.m2/repository/javax/servlet/servlet-api/2.5/servlet-api-2.5.jar:/Users/johanastborg/.m2/repository/org/hibernate/hibernate-core/3.6.0.Final/hibernate-core-3.6.0.Final.jar:/Users/johanastborg/.m2/repository/antlr/antlr/2.7.6/antlr-2.7.6.jar:/Users/johanastborg/.m2/repository/commons-collections/commons-collections/3.1/commons-collections-3.1.jar:/Users/johanastborg/.m2/repository/dom4j/dom4j/1.6.1/dom4j-1.6.1.jar:/Users/johanastborg/.m2/repository/org/hibernate/hibernate-commons-annotations/3.2.0.Final/hibernate-commons-annotations-3.2.0.Final.jar:/Users/johanastborg/.m2/repository/org/hibernate/javax/persistence/hibernate-jpa-2.0-api/1.0.0.Final/hibernate-jpa-2.0-api-1.0.0.Final.jar:/Users/johanastborg/.m2/repository/javax/transaction/jta/1.1/jta-1.1.jar:/Users/johanastborg/.m2/repository/org/slf4j/slf4j-api/1.6.1/slf4j-api-1.6.1.jar:/Users/johanastborg/.m2/repository/org/hibernate/ejb3-persistence/1.0.1.GA/ejb3-persistence-1.0.1.GA.jar:/Users/johanastborg/.m2/repository/org/hibernate/hibernate-entitymanager/3.3.2.GA/hibernate-entitymanager-3.3.2.GA.jar:/Users/johanastborg/.m2/repository/org/hibernate/hibernate/3.2.6.ga/hibernate-3.2.6.ga.jar:/Users/johanastborg/.m2/repository/net/sf/ehcache/ehcache/1.2.3/ehcache-1.2.3.jar:/Users/johanastborg/.m2/repository/asm/asm-attrs/1.5.3/asm-attrs-1.5.3.jar:/Users/johanastborg/.m2/repository/cglib/cglib/2.1_3/cglib-2.1_3.jar:/Users/johanastborg/.m2/repository/asm/asm/1.5.3/asm-1.5.3.jar:/Users/johanastborg/.m2/repository/org/hibernate/hibernate-annotations/3.3.1.GA/hibernate-annotations-3.3.1.GA.jar:/Users/johanastborg/.m2/repository/javassist/javassist/3.4.GA/javassist-3.4.GA.jar:/Users/johanastborg/.m2/repository/hsqldb/hsqldb/1.8.0.10/hsqldb-1.8.0.10.jar:/Users/johanastborg/.m2/repository/joda-time/joda-time/2.1/joda-time-2.1.jar:/Users/johanastborg/.m2/repository/joda-time/joda-time-hibernate/1.3/joda-time-hibernate-1.3.jar:/Users/johanastborg/.m2/repository/log4j/log4j/1.2.15/log4j-1.2.15.jar:/Users/johanastborg/.m2/repository/javax/mail/mail/1.4/mail-1.4.jar:/Users/johanastborg/.m2/repository/javax/servlet/jstl/1.2/jstl-1.2.jar:/Users/johanastborg/.m2/repository/org/apache/commons/commons-email/1.2/commons-email-1.2.jar:/Users/johanastborg/.m2/repository/javax/activation/activation/1.1/activation-1.1.jar:"/>
    <property name="java.vm.specification.version" value="1.0"/>
    <property name="sun.arch.data.model" value="64"/>
    <property name="java.home" value="/System/Library/Java/JavaVirtualMachines/1.6.0.jdk/Contents/Home"/>
    <property name="sun.java.command" value="/Users/johanastborg/Devevlopment/projects/maven-hsqldb-hibernate-spring/target/surefire/surefirebooter6816656558229825131.jar /Users/johanastborg/Devevlopment/projects/maven-hsqldb-hibernate-spring/target/surefire/surefire8421681673180699932tmp /Users/johanastborg/Devevlopment/projects/maven-hsqldb-hibernate-spring/target/surefire/surefire6293484692677559817tmp"/>
    <property name="java.specification.vendor" value="Sun Microsystems Inc."/>
    <property name="user.language" value="en"/>
    <property name="awt.toolkit" value="apple.awt.CToolkit"/>
    <property name="java.vm.info" value="mixed mode"/>
    <property name="java.version" value="1.6.0_29"/>
    <property name="java.ext.dirs" value="/Library/Java/Extensions:/System/Library/Java/Extensions:/System/Library/Java/JavaVirtualMachines/1.6.0.jdk/Contents/Home/lib/ext"/>
    <property name="sun.boot.class.path" value="/System/Library/Java/JavaVirtualMachines/1.6.0.jdk/Contents/Classes/jsfd.jar:/System/Library/Java/JavaVirtualMachines/1.6.0.jdk/Contents/Classes/classes.jar:/System/Library/Frameworks/JavaVM.framework/Frameworks/JavaRuntimeSupport.framework/Resources/Java/JavaRuntimeSupport.jar:/System/Library/Java/JavaVirtualMachines/1.6.0.jdk/Contents/Classes/ui.jar:/System/Library/Java/JavaVirtualMachines/1.6.0.jdk/Contents/Classes/laf.jar:/System/Library/Java/JavaVirtualMachines/1.6.0.jdk/Contents/Classes/sunrsasign.jar:/System/Library/Java/JavaVirtualMachines/1.6.0.jdk/Contents/Classes/jsse.jar:/System/Library/Java/JavaVirtualMachines/1.6.0.jdk/Contents/Classes/jce.jar:/System/Library/Java/JavaVirtualMachines/1.6.0.jdk/Contents/Classes/charsets.jar"/>
    <property name="java.vendor" value="Apple Inc."/>
    <property name="localRepository" value="/Users/johanastborg/.m2/repository"/>
    <property name="file.separator" value="/"/>
    <property name="java.vendor.url.bug" value="http://bugreport.apple.com/"/>
    <property name="sun.cpu.endian" value="little"/>
    <property name="sun.io.unicode.encoding" value="UnicodeLittle"/>
    <property name="mrj.version" value="1070.1.6.0_29-402"/>
    <property name="socksNonProxyHosts" value="local|*.local|169.254/16|*.169.254/16"/>
    <property name="ftp.nonProxyHosts" value="local|*.local|169.254/16|*.169.254/16"/>
    <property name="sun.cpu.isalist" value=""/>
  </properties>
  <testcase time="0.001" classname="net.joastbg.sampleapp.TestBook" name="testCreateNewBookWithTitle"/>
  <testcase time="0.001" classname="net.joastbg.sampleapp.TestBook" name="testCreateNewBookWithEmptyTitle"/>
  <testcase time="0" classname="net.joastbg.sampleapp.TestBook" name="testCreateNewBookWithNullTitle"/>
</testsuite>